2018-04-24 14:55:29 [INFO] 生成AS业务报表及主机性能报表
2018-04-24 14:55:30 [INFO] 正在生成报表：volte_crbt_2018-04-23.xlsx
2018-04-24 14:55:30 [INFO] 正在生成报表：volte_vpmn_2018-04-23.xlsx
2018-04-24 14:55:30 [INFO] 正在生成报表：host_pfmc_2018-04-23.xlsx
2018-04-24 14:55:30 [INFO] Done.
2018-04-24 14:59:53 [INFO] 生成AS业务报表及主机性能报表
2018-04-24 14:59:54 [INFO] 正在生成报表：volte_crbt_2018-04-23.xlsx
2018-04-24 14:59:54 [INFO] 正在生成报表：volte_vpmn_2018-04-23.xlsx
2018-04-24 14:59:54 [ERROR] host2018-04-23.unl原始文件不存在
2018-04-24 14:59:54 [INFO] Done.
2018-04-26 11:55:51 [INFO] 生成AS业务报表及主机性能报表
2018-04-26 11:55:51 [ERROR] volte_crbt2018-04-25.unl原始文件不存在
2018-04-26 11:55:51 [ERROR] volte_scpas2018-04-25.unl原始文件不存在
2018-04-26 11:55:54 [INFO] 正在生成报表：host_pfmc_2018-04-25.xlsx
2018-04-26 11:55:54 [INFO] Done.
2018-04-26 12:00:06 [INFO] 生成AS业务报表及主机性能报表
2018-04-26 12:00:06 [ERROR] volte_crbt2018-04-25.unl原始文件不存在
2018-04-26 12:00:06 [ERROR] volte_scpas2018-04-25.unl原始文件不存在
2018-04-26 12:00:21 [INFO] 生成AS业务报表及主机性能报表
2018-04-26 12:00:21 [ERROR] volte_crbt2018-04-25.unl原始文件不存在
2018-04-26 12:00:21 [ERROR] volte_scpas2018-04-25.unl原始文件不存在
2018-04-26 12:00:22 [INFO] 正在生成报表：host_pfmc_2018-04-25.xlsx
2018-04-26 12:00:22 [INFO] Done.
